delete reacheddelete reacheddeleteProduct result: NULL
script start
script start
script start
script start
delete action
deleteProduct result: NULL
before echo
script start
script start
script start
script start
delete action
deleteProduct result: NULL
before echo
script start
script start
script start
script start
script start
script start
script start
script start
script start
script start
script start
script start
script start
script start
script start
script start
script start
script start
script start
script start
delete action
deleteProduct result: NULL
before echo
script start
script start
script start
script start
script start
script start
script start
script start
script start
script start
script start
script start
delete action
deleteProduct result: NULL
before echo
script start
delete action
deleteProduct result: NULL
before echo
script start
script start
script start
delete action
deleteProduct result: NULL
before echo
